<?xml version="1.0" encoding="UTF-8"?>
<!-- Generated by org.testng.reporters.JUnitReportReporter -->
<testsuite hostname="Sridevi" failures="0" tests="13" name="runner.TestRunner" time="8.956" errors="0" timestamp="2023-12-12T16:08:28 IST" skipped="0">
  <testcase classname="runner.TestRunner" name="runScenario" time="0.733"/>
  <system-out/>
  <testcase classname="runner.TestRunner" name="runScenario" time="0.310"/>
  <system-out/>
  <testcase classname="runner.TestRunner" name="runScenario" time="0.994"/>
  <system-out/>
  <testcase classname="runner.TestRunner" name="runScenario" time="0.319"/>
  <system-out/>
  <testcase classname="runner.TestRunner" name="runScenario" time="0.909"/>
  <system-out/>
  <testcase classname="runner.TestRunner" name="runScenario" time="0.581"/>
  <system-out/>
  <testcase classname="runner.TestRunner" name="runScenario" time="0.288"/>
  <system-out/>
  <testcase classname="runner.TestRunner" name="runScenario" time="0.500"/>
  <system-out/>
  <testcase classname="runner.TestRunner" name="runScenario" time="0.261"/>
  <system-out/>
  <testcase classname="runner.TestRunner" name="runScenario" time="0.601"/>
  <system-out/>
  <testcase classname="runner.TestRunner" name="runScenario" time="0.695"/>
  <system-out/>
  <testcase classname="runner.TestRunner" name="runScenario" time="0.282"/>
  <system-out/>
  <testcase classname="runner.TestRunner" name="runScenario" time="2.483"/>
  <system-out/>
</testsuite> <!-- runner.TestRunner -->
